  [1m[35m (413.4ms)[0m  [1m[35mCREATE DATABASE "plowshare_api_development" ENCODING = 'unicode'[0m
  [1m[35m (292.8ms)[0m  [1m[35mCREATE DATABASE "plowshare_api_test" ENCODING = 'unicode'[0m
  [1m[35m (19.9ms)[0m  [1m[35mCREATE TABLE "schema_migrations" ("version" character varying NOT NULL PRIMARY KEY)[0m
  [1m[35m (3.8ms)[0m  [1m[35mCREATE TABLE "ar_internal_metadata" ("key" character varying NOT NULL PRIMARY KEY, "value" character varying, "created_at" timestamp(6) NOT NULL, "updated_at" timestamp(6) NOT NULL)[0m
  [1m[35m (0.7ms)[0m  [1m[34mSELECT pg_try_advisory_lock(391728145555983390)[0m
  [1m[35m (1.0ms)[0m  [1m[34mSELECT "schema_migrations"."version" FROM "schema_migrations" ORDER BY "schema_migrations"."version" ASC[0m
Migrating to CreateEquipment (20190810010009)
  [1m[35m (0.2ms)[0m  [1m[35mBEGIN[0m
  [1m[35m (6.6ms)[0m  [1m[35mCREATE TABLE "equipment" ("id" bigserial primary key, "title" character varying, "img" character varying, "owner_id" character varying, "created_at" timestamp(6) NOT NULL, "updated_at" timestamp(6) NOT NULL)[0m
  [1m[36mprimary::SchemaMigration Create (2.1ms)[0m  [1m[32mINSERT INTO "schema_migrations" ("version") VALUES ($1) RETURNING "version"[0m  [["version", "20190810010009"]]
  [1m[35m (0.5ms)[0m  [1m[35mCOMMIT[0m
  [1m[36mActiveRecord::InternalMetadata Load (0.4ms)[0m  [1m[34mSELECT "ar_internal_metadata".* FROM "ar_internal_metadata" WHERE "ar_internal_metadata"."key" = $1 LIMIT $2[0m  [["key", "environment"], ["LIMIT", 1]]
  [1m[35m (0.2ms)[0m  [1m[35mBEGIN[0m
  [1m[36mActiveRecord::InternalMetadata Create (1.1ms)[0m  [1m[32mINSERT INTO "ar_internal_metadata" ("key", "value", "created_at", "updated_at") VALUES ($1, $2, $3, $4) RETURNING "key"[0m  [["key", "environment"], ["value", "development"], ["created_at", "2019-08-10 01:08:33.321559"], ["updated_at", "2019-08-10 01:08:33.321559"]]
  [1m[35m (0.3ms)[0m  [1m[35mCOMMIT[0m
  [1m[35m (0.2ms)[0m  [1m[34mSELECT pg_advisory_unlock(391728145555983390)[0m
  [1m[35m (1.0ms)[0m  [1m[34mSELECT "schema_migrations"."version" FROM "schema_migrations" ORDER BY "schema_migrations"."version" ASC[0m
Started GET "/" for ::1 at 2019-08-09 19:10:22 -0600
  [1m[35m (0.7ms)[0m  [1m[34mSELECT "schema_migrations"."version" FROM "schema_migrations" ORDER BY "schema_migrations"."version" ASC[0m
Processing by Rails::WelcomeController#index as HTML
  Rendering /Users/JMcGehee/.rbenv/versions/2.5.5/lib/ruby/gems/2.5.0/gems/railties-6.0.0.rc2/lib/rails/templates/rails/welcome/index.html.erb
  Rendered /Users/JMcGehee/.rbenv/versions/2.5.5/lib/ruby/gems/2.5.0/gems/railties-6.0.0.rc2/lib/rails/templates/rails/welcome/index.html.erb (Duration: 15.2ms | Allocations: 485)
Completed 200 OK in 23ms (Views: 19.0ms | ActiveRecord: 0.0ms | Allocations: 2648)


Started GET "/favicon.ico" for ::1 at 2019-08-09 19:10:23 -0600
  
ActionController::RoutingError (No route matches [GET] "/favicon.ico"):
  
actionpack (6.0.0.rc2) lib/action_dispatch/middleware/debug_exceptions.rb:36:in `call'
actionpack (6.0.0.rc2) lib/action_dispatch/middleware/show_exceptions.rb:33:in `call'
railties (6.0.0.rc2) lib/rails/rack/logger.rb:38:in `call_app'
railties (6.0.0.rc2) lib/rails/rack/logger.rb:26:in `block in call'
activesupport (6.0.0.rc2) lib/active_support/tagged_logging.rb:80:in `block in tagged'
activesupport (6.0.0.rc2) lib/active_support/tagged_logging.rb:28:in `tagged'
activesupport (6.0.0.rc2) lib/active_support/tagged_logging.rb:80:in `tagged'
railties (6.0.0.rc2) lib/rails/rack/logger.rb:26:in `call'
actionpack (6.0.0.rc2) lib/action_dispatch/middleware/remote_ip.rb:81:in `call'
actionpack (6.0.0.rc2) lib/action_dispatch/middleware/request_id.rb:27:in `call'
rack (2.0.7) lib/rack/runtime.rb:22:in `call'
activesupport (6.0.0.rc2) lib/active_support/cache/strategy/local_cache_middleware.rb:29:in `call'
actionpack (6.0.0.rc2) lib/action_dispatch/middleware/executor.rb:14:in `call'
actionpack (6.0.0.rc2) lib/action_dispatch/middleware/static.rb:126:in `call'
rack (2.0.7) lib/rack/sendfile.rb:111:in `call'
actionpack (6.0.0.rc2) lib/action_dispatch/middleware/host_authorization.rb:83:in `call'
railties (6.0.0.rc2) lib/rails/engine.rb:526:in `call'
puma (3.12.1) lib/puma/configuration.rb:227:in `call'
puma (3.12.1) lib/puma/server.rb:660:in `handle_request'
puma (3.12.1) lib/puma/server.rb:474:in `process_client'
puma (3.12.1) lib/puma/server.rb:334:in `block in run'
puma (3.12.1) lib/puma/thread_pool.rb:135:in `block in spawn_thread'
  [1m[35m (0.8ms)[0m  [1m[34mSELECT "schema_migrations"."version" FROM "schema_migrations" ORDER BY "schema_migrations"."version" ASC[0m
  [1m[35m (0.6ms)[0m  [1m[34mSELECT "schema_migrations"."version" FROM "schema_migrations" ORDER BY "schema_migrations"."version" ASC[0m
  [1m[35m (0.2ms)[0m  [1m[35mBEGIN[0m
  [1m[36mEquipment Create (1.7ms)[0m  [1m[32mINSERT INTO "equipment" ("title", "img", "owner_id", "created_at", "updated_at") VALUES ($1, $2, $3, $4, $5) RETURNING "id"[0m  [["title", "Test"], ["img", "https://tinyurl.com/y23nu3bh"], ["owner_id", "Fuck, I made this a string"], ["created_at", "2019-08-10 01:34:38.786110"], ["updated_at", "2019-08-10 01:34:38.786110"]]
  [1m[35m (0.4ms)[0m  [1m[35mCOMMIT[0m
Started GET "/equipment" for ::1 at 2019-08-09 19:35:15 -0600
Processing by EquipmentController#index as HTML
  [1m[36mEquipment Load (1.1ms)[0m  [1m[34mSELECT "equipment".* FROM "equipment"[0m
  ↳ app/controllers/equipment_controller.rb:8:in `index'
Completed 200 OK in 18ms (Views: 9.5ms | ActiveRecord: 7.0ms | Allocations: 6061)


Started GET "/equipment" for ::1 at 2019-08-09 19:51:19 -0600
Processing by EquipmentController#index as */*
  [1m[36mEquipment Load (0.9ms)[0m  [1m[34mSELECT "equipment".* FROM "equipment"[0m
  ↳ app/controllers/equipment_controller.rb:8:in `index'
Completed 200 OK in 5ms (Views: 3.3ms | ActiveRecord: 0.9ms | Allocations: 1057)


Started GET "/equipment" for ::1 at 2019-08-09 19:54:13 -0600
  [1m[35m (3.1ms)[0m  [1m[34mSELECT "schema_migrations"."version" FROM "schema_migrations" ORDER BY "schema_migrations"."version" ASC[0m
Processing by EquipmentController#index as */*
  [1m[36mEquipment Load (1.6ms)[0m  [1m[34mSELECT "equipment".* FROM "equipment"[0m
  ↳ app/controllers/equipment_controller.rb:8:in `index'
Completed 200 OK in 49ms (Views: 37.4ms | ActiveRecord: 7.8ms | Allocations: 5988)


Started GET "/equipment" for ::1 at 2019-08-09 20:15:11 -0600
  [1m[35m (2.9ms)[0m  [1m[34mSELECT "schema_migrations"."version" FROM "schema_migrations" ORDER BY "schema_migrations"."version" ASC[0m
Processing by EquipmentController#index as */*
  [1m[36mEquipment Load (1.8ms)[0m  [1m[34mSELECT "equipment".* FROM "equipment"[0m
  ↳ app/controllers/equipment_controller.rb:8:in `index'
Completed 200 OK in 26ms (Views: 15.1ms | ActiveRecord: 8.6ms | Allocations: 5989)


Started GET "/" for ::1 at 2019-08-09 20:15:13 -0600
Processing by Rails::WelcomeController#index as HTML
  Rendering /Users/JMcGehee/.rbenv/versions/2.5.5/lib/ruby/gems/2.5.0/gems/railties-6.0.0.rc2/lib/rails/templates/rails/welcome/index.html.erb
  Rendered /Users/JMcGehee/.rbenv/versions/2.5.5/lib/ruby/gems/2.5.0/gems/railties-6.0.0.rc2/lib/rails/templates/rails/welcome/index.html.erb (Duration: 15.3ms | Allocations: 485)
Completed 200 OK in 27ms (Views: 20.1ms | ActiveRecord: 0.0ms | Allocations: 2645)


Started GET "/equipment" for ::1 at 2019-08-09 20:15:36 -0600
Processing by EquipmentController#index as HTML
  [1m[36mEquipment Load (0.5ms)[0m  [1m[34mSELECT "equipment".* FROM "equipment"[0m
  ↳ app/controllers/equipment_controller.rb:8:in `index'
Completed 200 OK in 6ms (Views: 4.9ms | ActiveRecord: 0.5ms | Allocations: 983)


Started GET "/equipment" for ::1 at 2019-08-09 20:18:03 -0600
Processing by EquipmentController#index as */*
  [1m[36mEquipment Load (0.7ms)[0m  [1m[34mSELECT "equipment".* FROM "equipment"[0m
  ↳ app/controllers/equipment_controller.rb:8:in `index'
Completed 200 OK in 8ms (Views: 5.5ms | ActiveRecord: 0.7ms | Allocations: 984)


Started GET "/equipment" for ::1 at 2019-08-09 20:18:13 -0600
Processing by EquipmentController#index as */*
  [1m[36mEquipment Load (0.5ms)[0m  [1m[34mSELECT "equipment".* FROM "equipment"[0m
  ↳ app/controllers/equipment_controller.rb:8:in `index'
Completed 200 OK in 4ms (Views: 3.3ms | ActiveRecord: 0.5ms | Allocations: 981)


Started GET "/equipment" for ::1 at 2019-08-10 11:03:56 -0600
  [1m[35m (3.1ms)[0m  [1m[34mSELECT "schema_migrations"."version" FROM "schema_migrations" ORDER BY "schema_migrations"."version" ASC[0m
Processing by EquipmentController#index as */*
  [1m[36mEquipment Load (8.6ms)[0m  [1m[34mSELECT "equipment".* FROM "equipment"[0m
  ↳ app/controllers/equipment_controller.rb:8:in `index'
Completed 200 OK in 110ms (Views: 55.2ms | ActiveRecord: 39.0ms | Allocations: 5992)


Started GET "/equipment" for ::1 at 2019-08-10 11:08:29 -0600
Processing by EquipmentController#index as HTML
  [1m[36mEquipment Load (1.3ms)[0m  [1m[34mSELECT "equipment".* FROM "equipment"[0m
  ↳ app/controllers/equipment_controller.rb:8:in `index'
Completed 200 OK in 5ms (Views: 3.5ms | ActiveRecord: 1.3ms | Allocations: 984)


Started GET "/favicon.ico" for ::1 at 2019-08-10 11:08:30 -0600
  
ActionController::RoutingError (No route matches [GET] "/favicon.ico"):
  
actionpack (6.0.0.rc2) lib/action_dispatch/middleware/debug_exceptions.rb:36:in `call'
actionpack (6.0.0.rc2) lib/action_dispatch/middleware/show_exceptions.rb:33:in `call'
railties (6.0.0.rc2) lib/rails/rack/logger.rb:38:in `call_app'
railties (6.0.0.rc2) lib/rails/rack/logger.rb:26:in `block in call'
activesupport (6.0.0.rc2) lib/active_support/tagged_logging.rb:80:in `block in tagged'
activesupport (6.0.0.rc2) lib/active_support/tagged_logging.rb:28:in `tagged'
activesupport (6.0.0.rc2) lib/active_support/tagged_logging.rb:80:in `tagged'
railties (6.0.0.rc2) lib/rails/rack/logger.rb:26:in `call'
actionpack (6.0.0.rc2) lib/action_dispatch/middleware/remote_ip.rb:81:in `call'
actionpack (6.0.0.rc2) lib/action_dispatch/middleware/request_id.rb:27:in `call'
rack (2.0.7) lib/rack/runtime.rb:22:in `call'
activesupport (6.0.0.rc2) lib/active_support/cache/strategy/local_cache_middleware.rb:29:in `call'
actionpack (6.0.0.rc2) lib/action_dispatch/middleware/executor.rb:14:in `call'
actionpack (6.0.0.rc2) lib/action_dispatch/middleware/static.rb:126:in `call'
rack (2.0.7) lib/rack/sendfile.rb:111:in `call'
actionpack (6.0.0.rc2) lib/action_dispatch/middleware/host_authorization.rb:83:in `call'
rack-cors (1.0.3) lib/rack/cors.rb:95:in `call'
railties (6.0.0.rc2) lib/rails/engine.rb:526:in `call'
puma (3.12.1) lib/puma/configuration.rb:227:in `call'
puma (3.12.1) lib/puma/server.rb:660:in `handle_request'
puma (3.12.1) lib/puma/server.rb:474:in `process_client'
puma (3.12.1) lib/puma/server.rb:334:in `block in run'
puma (3.12.1) lib/puma/thread_pool.rb:135:in `block in spawn_thread'
Started GET "/equipment" for ::1 at 2019-08-10 11:14:19 -0600
Processing by EquipmentController#index as */*
  [1m[36mEquipment Load (1.9ms)[0m  [1m[34mSELECT "equipment".* FROM "equipment"[0m
  ↳ app/controllers/equipment_controller.rb:8:in `index'
Completed 200 OK in 13ms (Views: 9.8ms | ActiveRecord: 1.9ms | Allocations: 1090)


Started GET "/equipment" for ::1 at 2019-08-10 11:14:34 -0600
Processing by EquipmentController#index as */*
  [1m[36mEquipment Load (0.5ms)[0m  [1m[34mSELECT "equipment".* FROM "equipment"[0m
  ↳ app/controllers/equipment_controller.rb:8:in `index'
Completed 200 OK in 4ms (Views: 3.0ms | ActiveRecord: 0.5ms | Allocations: 984)


Started GET "/equipment" for ::1 at 2019-08-10 11:16:04 -0600
Processing by EquipmentController#index as */*
  [1m[36mEquipment Load (0.7ms)[0m  [1m[34mSELECT "equipment".* FROM "equipment"[0m
  ↳ app/controllers/equipment_controller.rb:8:in `index'
Completed 200 OK in 5ms (Views: 3.6ms | ActiveRecord: 0.7ms | Allocations: 969)


Started GET "/equipment" for ::1 at 2019-08-10 11:21:48 -0600
Processing by EquipmentController#index as */*
  [1m[36mEquipment Load (0.4ms)[0m  [1m[34mSELECT "equipment".* FROM "equipment"[0m
  ↳ app/controllers/equipment_controller.rb:8:in `index'
Completed 200 OK in 5ms (Views: 3.9ms | ActiveRecord: 0.4ms | Allocations: 983)


Started GET "/equipment" for ::1 at 2019-08-10 11:23:52 -0600
Processing by EquipmentController#index as */*
  [1m[36mEquipment Load (0.5ms)[0m  [1m[34mSELECT "equipment".* FROM "equipment"[0m
  ↳ app/controllers/equipment_controller.rb:8:in `index'
Completed 200 OK in 4ms (Views: 3.2ms | ActiveRecord: 0.5ms | Allocations: 969)


Started GET "/equipment" for ::1 at 2019-08-10 11:24:07 -0600
Processing by EquipmentController#index as */*
  [1m[36mEquipment Load (0.7ms)[0m  [1m[34mSELECT "equipment".* FROM "equipment"[0m
  ↳ app/controllers/equipment_controller.rb:8:in `index'
Completed 200 OK in 6ms (Views: 4.9ms | ActiveRecord: 0.7ms | Allocations: 969)


Started GET "/equipment" for ::1 at 2019-08-10 11:40:00 -0600
Processing by EquipmentController#index as */*
  [1m[36mEquipment Load (1.0ms)[0m  [1m[34mSELECT "equipment".* FROM "equipment"[0m
  ↳ app/controllers/equipment_controller.rb:8:in `index'
Completed 200 OK in 17ms (Views: 12.6ms | ActiveRecord: 1.0ms | Allocations: 1048)


Started GET "/equipment" for ::1 at 2019-08-10 14:36:36 -0600
  [1m[35m (2.9ms)[0m  [1m[34mSELECT "schema_migrations"."version" FROM "schema_migrations" ORDER BY "schema_migrations"."version" ASC[0m
Processing by EquipmentController#index as */*
  [1m[36mEquipment Load (4.5ms)[0m  [1m[34mSELECT "equipment".* FROM "equipment"[0m
  ↳ app/controllers/equipment_controller.rb:8:in `index'
Completed 200 OK in 45ms (Views: 23.8ms | ActiveRecord: 18.0ms | Allocations: 5988)


Started GET "/welcome" for ::1 at 2019-08-10 14:36:40 -0600
  
ActionController::RoutingError (No route matches [GET] "/welcome"):
  
actionpack (6.0.0.rc2) lib/action_dispatch/middleware/debug_exceptions.rb:36:in `call'
actionpack (6.0.0.rc2) lib/action_dispatch/middleware/show_exceptions.rb:33:in `call'
railties (6.0.0.rc2) lib/rails/rack/logger.rb:38:in `call_app'
railties (6.0.0.rc2) lib/rails/rack/logger.rb:26:in `block in call'
activesupport (6.0.0.rc2) lib/active_support/tagged_logging.rb:80:in `block in tagged'
activesupport (6.0.0.rc2) lib/active_support/tagged_logging.rb:28:in `tagged'
activesupport (6.0.0.rc2) lib/active_support/tagged_logging.rb:80:in `tagged'
railties (6.0.0.rc2) lib/rails/rack/logger.rb:26:in `call'
actionpack (6.0.0.rc2) lib/action_dispatch/middleware/remote_ip.rb:81:in `call'
actionpack (6.0.0.rc2) lib/action_dispatch/middleware/request_id.rb:27:in `call'
rack (2.0.7) lib/rack/runtime.rb:22:in `call'
activesupport (6.0.0.rc2) lib/active_support/cache/strategy/local_cache_middleware.rb:29:in `call'
actionpack (6.0.0.rc2) lib/action_dispatch/middleware/executor.rb:14:in `call'
actionpack (6.0.0.rc2) lib/action_dispatch/middleware/static.rb:126:in `call'
rack (2.0.7) lib/rack/sendfile.rb:111:in `call'
actionpack (6.0.0.rc2) lib/action_dispatch/middleware/host_authorization.rb:83:in `call'
rack-cors (1.0.3) lib/rack/cors.rb:95:in `call'
railties (6.0.0.rc2) lib/rails/engine.rb:526:in `call'
puma (3.12.1) lib/puma/configuration.rb:227:in `call'
puma (3.12.1) lib/puma/server.rb:660:in `handle_request'
puma (3.12.1) lib/puma/server.rb:474:in `process_client'
puma (3.12.1) lib/puma/server.rb:334:in `block in run'
puma (3.12.1) lib/puma/thread_pool.rb:135:in `block in spawn_thread'
Started GET "/" for ::1 at 2019-08-10 14:36:53 -0600
Processing by WelcomeController#index as HTML
Completed 200 OK in 1ms (Views: 0.2ms | ActiveRecord: 0.0ms | Allocations: 135)


Started GET "/equipment" for ::1 at 2019-08-10 14:37:16 -0600
Processing by EquipmentController#index as HTML
  [1m[36mEquipment Load (0.9ms)[0m  [1m[34mSELECT "equipment".* FROM "equipment"[0m
  ↳ app/controllers/equipment_controller.rb:8:in `index'
Completed 200 OK in 10ms (Views: 7.4ms | ActiveRecord: 0.9ms | Allocations: 1011)


Started GET "/equipment" for ::1 at 2019-08-11 11:39:06 -0600
  [1m[35m (6.0ms)[0m  [1m[34mSELECT "schema_migrations"."version" FROM "schema_migrations" ORDER BY "schema_migrations"."version" ASC[0m
Processing by EquipmentController#index as */*
  [1m[36mEquipment Load (4.1ms)[0m  [1m[34mSELECT "equipment".* FROM "equipment"[0m
  ↳ app/controllers/equipment_controller.rb:8:in `index'
Completed 200 OK in 75ms (Views: 36.7ms | ActiveRecord: 35.7ms | Allocations: 5979)


Started GET "/equipment" for ::1 at 2019-08-11 11:39:20 -0600
Processing by EquipmentController#index as */*
  [1m[36mEquipment Load (0.5ms)[0m  [1m[34mSELECT "equipment".* FROM "equipment"[0m
  ↳ app/controllers/equipment_controller.rb:8:in `index'
Completed 200 OK in 3ms (Views: 2.0ms | ActiveRecord: 0.5ms | Allocations: 984)


Started GET "/equipment" for ::1 at 2019-08-11 11:39:34 -0600
Processing by EquipmentController#index as HTML
  [1m[36mEquipment Load (1.1ms)[0m  [1m[34mSELECT "equipment".* FROM "equipment"[0m
  ↳ app/controllers/equipment_controller.rb:8:in `index'
Completed 200 OK in 5ms (Views: 3.4ms | ActiveRecord: 1.1ms | Allocations: 984)


  [1m[36mEquipment Load (0.7ms)[0m  [1m[34mSELECT "equipment".* FROM "equipment" LIMIT $1[0m  [["LIMIT", 11]]
  [1m[35m (0.9ms)[0m  [1m[34mSELECT pg_try_advisory_lock(391728145555983390)[0m
  [1m[35m (1.5ms)[0m  [1m[34mSELECT "schema_migrations"."version" FROM "schema_migrations" ORDER BY "schema_migrations"."version" ASC[0m
Migrating to ChangeImgDataTypeToIntegerInEquipment (20190811180054)
  [1m[35m (0.2ms)[0m  [1m[35mBEGIN[0m
  [1m[35m (5.4ms)[0m  [1m[35mALTER TABLE "equipment" ALTER COLUMN "owner_id" TYPE integer[0m
  [1m[35m (0.2ms)[0m  [1m[31mROLLBACK[0m
  [1m[35m (0.3ms)[0m  [1m[34mSELECT pg_advisory_unlock(391728145555983390)[0m
  [1m[36mEquipment Load (0.7ms)[0m  [1m[34mSELECT "equipment".* FROM "equipment" WHERE "equipment"."id" = $1 LIMIT $2[0m  [["id", 1], ["LIMIT", 1]]
  [1m[36mEquipment Load (0.7ms)[0m  [1m[34mSELECT "equipment".* FROM "equipment" WHERE "equipment"."id" = $1 LIMIT $2[0m  [["id", 1], ["LIMIT", 1]]
  [1m[35m (0.3ms)[0m  [1m[35mBEGIN[0m
  [1m[36mEquipment Destroy (2.8ms)[0m  [1m[31mDELETE FROM "equipment" WHERE "equipment"."id" = $1[0m  [["id", 1]]
  [1m[35m (0.5ms)[0m  [1m[35mCOMMIT[0m
  [1m[36mEquipment Load (0.7ms)[0m  [1m[34mSELECT "equipment".* FROM "equipment" WHERE "equipment"."id" = $1 LIMIT $2[0m  [["id", 1], ["LIMIT", 1]]
  [1m[36mEquipment Load (0.2ms)[0m  [1m[34mSELECT "equipment".* FROM "equipment" LIMIT $1[0m  [["LIMIT", 11]]
  [1m[35m (0.3ms)[0m  [1m[34mSELECT pg_try_advisory_lock(391728145555983390)[0m
  [1m[35m (0.7ms)[0m  [1m[34mSELECT "schema_migrations"."version" FROM "schema_migrations" ORDER BY "schema_migrations"."version" ASC[0m
Migrating to ChangeImgDataTypeToIntegerInEquipment (20190811180054)
  [1m[35m (0.2ms)[0m  [1m[35mBEGIN[0m
  [1m[35m (1.0ms)[0m  [1m[35mALTER TABLE "equipment" ALTER COLUMN "owner_id" TYPE integer[0m
  [1m[35m (0.3ms)[0m  [1m[31mROLLBACK[0m
  [1m[35m (0.4ms)[0m  [1m[34mSELECT pg_advisory_unlock(391728145555983390)[0m
  [1m[35m (0.3ms)[0m  [1m[34mSELECT pg_try_advisory_lock(391728145555983390)[0m
  [1m[35m (0.7ms)[0m  [1m[34mSELECT "schema_migrations"."version" FROM "schema_migrations" ORDER BY "schema_migrations"."version" ASC[0m
Migrating to ChangeImgDataTypeToIntegerInEquipment (20190811180054)
  [1m[35m (2.4ms)[0m  [1m[35mBEGIN[0m
  [1m[35m (14.1ms)[0m  [1m[35mALTER TABLE "equipment" DROP COLUMN "owner_id"[0m
  [1m[36mprimary::SchemaMigration Create (2.1ms)[0m  [1m[32mINSERT INTO "schema_migrations" ("version") VALUES ($1) RETURNING "version"[0m  [["version", "20190811180054"]]
  [1m[35m (0.7ms)[0m  [1m[35mCOMMIT[0m
  [1m[36mActiveRecord::InternalMetadata Load (1.6ms)[0m  [1m[34mSELECT "ar_internal_metadata".* FROM "ar_internal_metadata" WHERE "ar_internal_metadata"."key" = $1 LIMIT $2[0m  [["key", "environment"], ["LIMIT", 1]]
  [1m[35m (0.3ms)[0m  [1m[34mSELECT pg_advisory_unlock(391728145555983390)[0m
  [1m[35m (0.9ms)[0m  [1m[34mSELECT "schema_migrations"."version" FROM "schema_migrations" ORDER BY "schema_migrations"."version" ASC[0m
  [1m[35m (0.3ms)[0m  [1m[34mSELECT pg_try_advisory_lock(391728145555983390)[0m
  [1m[35m (0.6ms)[0m  [1m[34mSELECT "schema_migrations"."version" FROM "schema_migrations" ORDER BY "schema_migrations"."version" ASC[0m
Migrating to AddColumnsToEquipment (20190811182045)
  [1m[35m (0.2ms)[0m  [1m[35mBEGIN[0m
  [1m[35m (4.9ms)[0m  [1m[35mALTER TABLE "equipment" ADD "make" character varying[0m
  [1m[35m (0.6ms)[0m  [1m[35mALTER TABLE "equipment" ADD "model" character varying[0m
  [1m[35m (0.8ms)[0m  [1m[35mALTER TABLE "equipment" ADD "year" integer[0m
  [1m[35m (0.6ms)[0m  [1m[35mALTER TABLE "equipment" ADD "rate" integer[0m
  [1m[35m (0.4ms)[0m  [1m[35mALTER TABLE "equipment" ADD "location" character varying[0m
  [1m[35m (0.4ms)[0m  [1m[35mALTER TABLE "equipment" ADD "owner_id" integer[0m
  [1m[36mprimary::SchemaMigration Create (0.7ms)[0m  [1m[32mINSERT INTO "schema_migrations" ("version") VALUES ($1) RETURNING "version"[0m  [["version", "20190811182045"]]
  [1m[35m (1.0ms)[0m  [1m[35mCOMMIT[0m
  [1m[36mActiveRecord::InternalMetadata Load (0.6ms)[0m  [1m[34mSELECT "ar_internal_metadata".* FROM "ar_internal_metadata" WHERE "ar_internal_metadata"."key" = $1 LIMIT $2[0m  [["key", "environment"], ["LIMIT", 1]]
  [1m[35m (0.3ms)[0m  [1m[34mSELECT pg_advisory_unlock(391728145555983390)[0m
  [1m[35m (2.6ms)[0m  [1m[34mSELECT "schema_migrations"."version" FROM "schema_migrations" ORDER BY "schema_migrations"."version" ASC[0m
